[2019-09-05 04:09:04] local.ERROR: ReflectionException: Class App\Console\Commands\KeyGenerateCommand does not exist in /Users/fakhrinf/Development/Mobile/mazhab/web-service/vendor/illuminate/container/Container.php:788
Stack trace:
#0 /Users/fakhrinf/Development/Mobile/mazhab/web-service/vendor/illuminate/container/Container.php(788): ReflectionClass->__construct('App\\Console\\Com...')
#1 /Users/fakhrinf/Development/Mobile/mazhab/web-service/vendor/illuminate/container/Container.php(667): Illuminate\Container\Container->build('App\\Console\\Com...')
#2 /Users/fakhrinf/Development/Mobile/mazhab/web-service/vendor/illuminate/container/Container.php(615): Illuminate\Container\Container->resolve('App\\Console\\Com...', Array)
#3 /Users/fakhrinf/Development/Mobile/mazhab/web-service/vendor/laravel/lumen-framework/src/Application.php(267): Illuminate\Container\Container->make('App\\Console\\Com...', Array)
#4 /Users/fakhrinf/Development/Mobile/mazhab/web-service/vendor/illuminate/console/Application.php(258): Laravel\Lumen\Application->make('App\\Console\\Com...')
#5 /Users/fakhrinf/Development/Mobile/mazhab/web-service/vendor/illuminate/console/Application.php(272): Illuminate\Console\Application->resolve('App\\Console\\Com...')
#6 /Users/fakhrinf/Development/Mobile/mazhab/web-service/vendor/laravel/lumen-framework/src/Console/Kernel.php(209): Illuminate\Console\Application->resolveCommands(Array)
#7 /Users/fakhrinf/Development/Mobile/mazhab/web-service/vendor/laravel/lumen-framework/src/Console/Kernel.php(115): Laravel\Lumen\Console\Kernel->getArtisan()
#8 /Users/fakhrinf/Development/Mobile/mazhab/web-service/artisan(35): Laravel\Lumen\Console\Kernel->handle(Object(Symfony\Component\Console\Input\ArgvInput), Object(Symfony\Component\Console\Output\ConsoleOutput))
#9 {main} {"exception":"[object] (ReflectionException(code: -1): Class App\\Console\\Commands\\KeyGenerateCommand does not exist at /Users/fakhrinf/Development/Mobile/mazhab/web-service/vendor/illuminate/container/Container.php:788)
[stacktrace]
#0 /Users/fakhrinf/Development/Mobile/mazhab/web-service/vendor/illuminate/container/Container.php(788): ReflectionClass->__construct('App\\\\Console\\\\Com...')
#1 /Users/fakhrinf/Development/Mobile/mazhab/web-service/vendor/illuminate/container/Container.php(667): Illuminate\\Container\\Container->build('App\\\\Console\\\\Com...')
#2 /Users/fakhrinf/Development/Mobile/mazhab/web-service/vendor/illuminate/container/Container.php(615): Illuminate\\Container\\Container->resolve('App\\\\Console\\\\Com...', Array)
#3 /Users/fakhrinf/Development/Mobile/mazhab/web-service/vendor/laravel/lumen-framework/src/Application.php(267): Illuminate\\Container\\Container->make('App\\\\Console\\\\Com...', Array)
#4 /Users/fakhrinf/Development/Mobile/mazhab/web-service/vendor/illuminate/console/Application.php(258): Laravel\\Lumen\\Application->make('App\\\\Console\\\\Com...')
#5 /Users/fakhrinf/Development/Mobile/mazhab/web-service/vendor/illuminate/console/Application.php(272): Illuminate\\Console\\Application->resolve('App\\\\Console\\\\Com...')
#6 /Users/fakhrinf/Development/Mobile/mazhab/web-service/vendor/laravel/lumen-framework/src/Console/Kernel.php(209): Illuminate\\Console\\Application->resolveCommands(Array)
#7 /Users/fakhrinf/Development/Mobile/mazhab/web-service/vendor/laravel/lumen-framework/src/Console/Kernel.php(115): Laravel\\Lumen\\Console\\Kernel->getArtisan()
#8 /Users/fakhrinf/Development/Mobile/mazhab/web-service/artisan(35): Laravel\\Lumen\\Console\\Kernel->handle(Object(Symfony\\Component\\Console\\Input\\ArgvInput), Object(Symfony\\Component\\Console\\Output\\ConsoleOutput))
#9 {main}
"} 
[2019-09-05 04:13:33] local.ERROR: ReflectionException: Method App\Console\Commands\KeyGenerateCommand::handle() does not exist in /Users/fakhrinf/Development/Mobile/mazhab/web-service/vendor/illuminate/container/BoundMethod.php:142
Stack trace:
#0 /Users/fakhrinf/Development/Mobile/mazhab/web-service/vendor/illuminate/container/BoundMethod.php(142): ReflectionMethod->__construct(Object(App\Console\Commands\KeyGenerateCommand), 'handle')
#1 /Users/fakhrinf/Development/Mobile/mazhab/web-service/vendor/illuminate/container/BoundMethod.php(120): Illuminate\Container\BoundMethod::getCallReflector(Array)
#2 /Users/fakhrinf/Development/Mobile/mazhab/web-service/vendor/illuminate/container/BoundMethod.php(32): Illuminate\Container\BoundMethod::getMethodDependencies(Object(Laravel\Lumen\Application), Array, Array)
#3 /Users/fakhrinf/Development/Mobile/mazhab/web-service/vendor/illuminate/container/BoundMethod.php(90): Illuminate\Container\BoundMethod::Illuminate\Container\{closure}()
#4 /Users/fakhrinf/Development/Mobile/mazhab/web-service/vendor/illuminate/container/BoundMethod.php(34): Illuminate\Container\BoundMethod::callBoundMethod(Object(Laravel\Lumen\Application), Array, Object(Closure))
#5 /Users/fakhrinf/Development/Mobile/mazhab/web-service/vendor/illuminate/container/Container.php(576): Illuminate\Container\BoundMethod::call(Object(Laravel\Lumen\Application), Array, Array, NULL)
#6 /Users/fakhrinf/Development/Mobile/mazhab/web-service/vendor/illuminate/console/Command.php(183): Illuminate\Container\Container->call(Array)
#7 /Users/fakhrinf/Development/Mobile/mazhab/web-service/vendor/symfony/console/Command/Command.php(255): Illuminate\Console\Command->execute(Object(Symfony\Component\Console\Input\ArgvInput), Object(Illuminate\Console\OutputStyle))
#8 /Users/fakhrinf/Development/Mobile/mazhab/web-service/vendor/illuminate/console/Command.php(170): Symfony\Component\Console\Command\Command->run(Object(Symfony\Component\Console\Input\ArgvInput), Object(Illuminate\Console\OutputStyle))
#9 /Users/fakhrinf/Development/Mobile/mazhab/web-service/vendor/symfony/console/Application.php(915): Illuminate\Console\Command->run(Object(Symfony\Component\Console\Input\ArgvInput), Object(Symfony\Component\Console\Output\ConsoleOutput))
#10 /Users/fakhrinf/Development/Mobile/mazhab/web-service/vendor/symfony/console/Application.php(272): Symfony\Component\Console\Application->doRunCommand(Object(App\Console\Commands\KeyGenerateCommand), Object(Symfony\Component\Console\Input\ArgvInput), Object(Symfony\Component\Console\Output\ConsoleOutput))
#11 /Users/fakhrinf/Development/Mobile/mazhab/web-service/vendor/symfony/console/Application.php(148): Symfony\Component\Console\Application->doRun(Object(Symfony\Component\Console\Input\ArgvInput), Object(Symfony\Component\Console\Output\ConsoleOutput))
#12 /Users/fakhrinf/Development/Mobile/mazhab/web-service/vendor/illuminate/console/Application.php(90): Symfony\Component\Console\Application->run(Object(Symfony\Component\Console\Input\ArgvInput), Object(Symfony\Component\Console\Output\ConsoleOutput))
#13 /Users/fakhrinf/Development/Mobile/mazhab/web-service/vendor/laravel/lumen-framework/src/Console/Kernel.php(115): Illuminate\Console\Application->run(Object(Symfony\Component\Console\Input\ArgvInput), Object(Symfony\Component\Console\Output\ConsoleOutput))
#14 /Users/fakhrinf/Development/Mobile/mazhab/web-service/artisan(35): Laravel\Lumen\Console\Kernel->handle(Object(Symfony\Component\Console\Input\ArgvInput), Object(Symfony\Component\Console\Output\ConsoleOutput))
#15 {main} {"exception":"[object] (ReflectionException(code: 0): Method App\\Console\\Commands\\KeyGenerateCommand::handle() does not exist at /Users/fakhrinf/Development/Mobile/mazhab/web-service/vendor/illuminate/container/BoundMethod.php:142)
[stacktrace]
#0 /Users/fakhrinf/Development/Mobile/mazhab/web-service/vendor/illuminate/container/BoundMethod.php(142): ReflectionMethod->__construct(Object(App\\Console\\Commands\\KeyGenerateCommand), 'handle')
#1 /Users/fakhrinf/Development/Mobile/mazhab/web-service/vendor/illuminate/container/BoundMethod.php(120): Illuminate\\Container\\BoundMethod::getCallReflector(Array)
#2 /Users/fakhrinf/Development/Mobile/mazhab/web-service/vendor/illuminate/container/BoundMethod.php(32): Illuminate\\Container\\BoundMethod::getMethodDependencies(Object(Laravel\\Lumen\\Application), Array, Array)
#3 /Users/fakhrinf/Development/Mobile/mazhab/web-service/vendor/illuminate/container/BoundMethod.php(90): Illuminate\\Container\\BoundMethod::Illuminate\\Container\\{closure}()
#4 /Users/fakhrinf/Development/Mobile/mazhab/web-service/vendor/illuminate/container/BoundMethod.php(34): Illuminate\\Container\\BoundMethod::callBoundMethod(Object(Laravel\\Lumen\\Application), Array, Object(Closure))
#5 /Users/fakhrinf/Development/Mobile/mazhab/web-service/vendor/illuminate/container/Container.php(576): Illuminate\\Container\\BoundMethod::call(Object(Laravel\\Lumen\\Application), Array, Array, NULL)
#6 /Users/fakhrinf/Development/Mobile/mazhab/web-service/vendor/illuminate/console/Command.php(183): Illuminate\\Container\\Container->call(Array)
#7 /Users/fakhrinf/Development/Mobile/mazhab/web-service/vendor/symfony/console/Command/Command.php(255): Illuminate\\Console\\Command->execute(Object(Symfony\\Component\\Console\\Input\\ArgvInput), Object(Illuminate\\Console\\OutputStyle))
#8 /Users/fakhrinf/Development/Mobile/mazhab/web-service/vendor/illuminate/console/Command.php(170): Symfony\\Component\\Console\\Command\\Command->run(Object(Symfony\\Component\\Console\\Input\\ArgvInput), Object(Illuminate\\Console\\OutputStyle))
#9 /Users/fakhrinf/Development/Mobile/mazhab/web-service/vendor/symfony/console/Application.php(915): Illuminate\\Console\\Command->run(Object(Symfony\\Component\\Console\\Input\\ArgvInput), Object(Symfony\\Component\\Console\\Output\\ConsoleOutput))
#10 /Users/fakhrinf/Development/Mobile/mazhab/web-service/vendor/symfony/console/Application.php(272): Symfony\\Component\\Console\\Application->doRunCommand(Object(App\\Console\\Commands\\KeyGenerateCommand), Object(Symfony\\Component\\Console\\Input\\ArgvInput), Object(Symfony\\Component\\Console\\Output\\ConsoleOutput))
#11 /Users/fakhrinf/Development/Mobile/mazhab/web-service/vendor/symfony/console/Application.php(148): Symfony\\Component\\Console\\Application->doRun(Object(Symfony\\Component\\Console\\Input\\ArgvInput), Object(Symfony\\Component\\Console\\Output\\ConsoleOutput))
#12 /Users/fakhrinf/Development/Mobile/mazhab/web-service/vendor/illuminate/console/Application.php(90): Symfony\\Component\\Console\\Application->run(Object(Symfony\\Component\\Console\\Input\\ArgvInput), Object(Symfony\\Component\\Console\\Output\\ConsoleOutput))
#13 /Users/fakhrinf/Development/Mobile/mazhab/web-service/vendor/laravel/lumen-framework/src/Console/Kernel.php(115): Illuminate\\Console\\Application->run(Object(Symfony\\Component\\Console\\Input\\ArgvInput), Object(Symfony\\Component\\Console\\Output\\ConsoleOutput))
#14 /Users/fakhrinf/Development/Mobile/mazhab/web-service/artisan(35): Laravel\\Lumen\\Console\\Kernel->handle(Object(Symfony\\Component\\Console\\Input\\ArgvInput), Object(Symfony\\Component\\Console\\Output\\ConsoleOutput))
#15 {main}
"} 
